   1               		.file	"at90can_set_mode.c"
   2               	__SREG__ = 0x3f
   3               	__SP_H__ = 0x3e
   4               	__SP_L__ = 0x3d
   5               	__CCP__  = 0x34
   6               	__tmp_reg__ = 0
   7               	__zero_reg__ = 1
  15               	.Ltext0:
  16               	.global	can_set_mode
  18               	can_set_mode:
  19               	.LFB17:
  20               	.LM1:
  21               	.LVL0:
  22               	/* prologue: function */
  23               	/* frame size = 0 */
  24               	.LM2:
  25 0000 8230      		cpi r24,lo8(2)
  26 0002 00F4      		brsh .L2
  27               	.LM3:
  28 0004 8091 D800 		lds r24,216
  29               	.LVL1:
  30 0008 8860      		ori r24,lo8(8)
  31 000a 00C0      		rjmp .L5
  32               	.LVL2:
  33               	.L2:
  34               	.LM4:
  35 000c 8091 D800 		lds r24,216
  36               	.LVL3:
  37 0010 877F      		andi r24,lo8(-9)
  38               	.L5:
  39 0012 8093 D800 		sts 216,r24
  40 0016 0895      		ret
  41               	.LFE17:
  67               	.Letext0:
DEFINED SYMBOLS
                            *ABS*:00000000 at90can_set_mode.c
C:\Users\SEXPAN~1\AppData\Local\Temp/ccMwaM8a.s:2      *ABS*:0000003f __SREG__
C:\Users\SEXPAN~1\AppData\Local\Temp/ccMwaM8a.s:3      *ABS*:0000003e __SP_H__
C:\Users\SEXPAN~1\AppData\Local\Temp/ccMwaM8a.s:4      *ABS*:0000003d __SP_L__
C:\Users\SEXPAN~1\AppData\Local\Temp/ccMwaM8a.s:5      *ABS*:00000034 __CCP__
C:\Users\SEXPAN~1\AppData\Local\Temp/ccMwaM8a.s:6      *ABS*:00000000 __tmp_reg__
C:\Users\SEXPAN~1\AppData\Local\Temp/ccMwaM8a.s:7      *ABS*:00000001 __zero_reg__
C:\Users\SEXPAN~1\AppData\Local\Temp/ccMwaM8a.s:18     .text:00000000 can_set_mode

NO UNDEFINED SYMBOLS
